#
# There is insufficient memory for the Java Runtime Environment to continue.
# Native memory allocation (malloc) failed to allocate 49807360 bytes for committing reserved memory.
# Possible reasons:
#   The system is out of physical RAM or swap space
#   In 32 bit mode, the process size limit was hit
# Possible solutions:
#   Reduce memory load on the system
#   Increase physical memory or swap space
#   Check if swap backing store is full
#   Use 64 bit Java on a 64 bit OS
#   Decrease Java heap size (-Xmx/-Xms)
#   Decrease number of Java threads
#   Decrease Java thread stack sizes (-Xss)
#   Set larger code cache with -XX:ReservedCodeCacheSize=
# This output file may be truncated or incomplete.
#
#  Out of Memory Error (os_linux.cpp:2827), pid=5008, tid=139941513877248
#
# JRE version: OpenJDK Runtime Environment (7.0_85-b01) (build 1.7.0_85-b01)
# Java VM: OpenJDK 64-Bit Server VM (24.85-b03 mixed mode linux-amd64 compressed oops)
# Derivative: IcedTea 2.6.1
# Distribution: Ubuntu 15.10, package 7u85-2.6.1-5ubuntu0.15.10.1
# Failed to write core dump. Core dumps have been disabled. To enable core dumping, try "ulimit -c unlimited" before starting Java again
#

---------------  T H R E A D  ---------------

Current thread (0x00007f46b006d000):  VMThread [stack: 0x00007f46ac295000,0x00007f46ac396000] [id=5016]

Stack: [0x00007f46ac295000,0x00007f46ac396000],  sp=0x00007f46ac3945b0,  free space=1021k
Native frames: (J=compiled Java code, j=interpreted, Vv=VM code, C=native code)
V  [libjvm.so+0x994c13]  VMError::report_and_die()+0x183
V  [libjvm.so+0x48a9af]  report_vm_out_of_memory(char const*, int, unsigned long, char const*)+0x8f
V  [libjvm.so+0x8017bb]  os::pd_commit_memory(char*, unsigned long, unsigned long, bool)+0xeb
V  [libjvm.so+0x7fbbae]  os::commit_memory(char*, unsigned long, unsigned long, bool)+0x2e
V  [libjvm.so+0x991634]  VirtualSpace::expand_by(unsigned long, bool)+0x1c4
V  [libjvm.so+0x4901de]  DefNewGeneration::compute_new_size()+0x20e
V  [libjvm.so+0x5663d8]  GenCollectedHeap::do_collection(bool, bool, unsigned long, bool, int)+0xa98
V  [libjvm.so+0x41de60]  GenCollectorPolicy::satisfy_failed_allocation(unsigned long, bool)+0xc0
V  [libjvm.so+0x995db0]  VM_GenCollectForAllocation::doit()+0x90
V  [libjvm.so+0x99b3f7]  VM_Operation::evaluate()+0x47
V  [libjvm.so+0x998c88]  VMThread::evaluate_operation(VM_Operation*) [clone .constprop.31]+0xb8
V  [libjvm.so+0x999fff]  VMThread::loop()+0x24f
V  [libjvm.so+0x99a4f1]  VMThread::run()+0x81
V  [libjvm.so+0x7fe6e2]  java_start(Thread*)+0xf2

VM_Operation (0x00007f469d22d0b0): GenCollectForAllocation, mode: safepoint, requested by thread 0x00007f46b0405000


---------------  P R O C E S S  ---------------

Java Threads: ( => current thread )
  0x00007f4694003800 JavaThread "communication thread" daemon [_thread_blocked, id=5031, stack(0x00007f469d02f000,0x00007f469d130000)]
  0x00007f46b0405000 JavaThread "Thread-1" [_thread_blocked, id=5026, stack(0x00007f469d130000,0x00007f469d231000)]
  0x00007f46b027c000 JavaThread "ReaderThread" [_thread_in_native, id=5025, stack(0x00007f469d859000,0x00007f469d95a000)]
  0x00007f46b00a9000 JavaThread "Service Thread" daemon [_thread_blocked, id=5023, stack(0x00007f469f3aa000,0x00007f469f4ab000)]
  0x00007f46b00a6000 JavaThread "C2 CompilerThread1" daemon [_thread_blocked, id=5022, stack(0x00007f469f4ab000,0x00007f469f5ac000)]
  0x00007f46b00a4000 JavaThread "C2 CompilerThread0" daemon [_thread_blocked, id=5021, stack(0x00007f469f5ac000,0x00007f469f6ad000)]
  0x00007f46b00a2000 JavaThread "Signal Dispatcher" daemon [_thread_blocked, id=5020, stack(0x00007f469f6ad000,0x00007f469f7ae000)]
  0x00007f46b0073800 JavaThread "Finalizer" daemon [_thread_blocked, id=5018, stack(0x00007f46ac093000,0x00007f46ac194000)]
  0x00007f46b0071800 JavaThread "Reference Handler" daemon [_thread_blocked, id=5017, stack(0x00007f46ac194000,0x00007f46ac295000)]
  0x00007f46b000b800 JavaThread "main" [_thread_blocked, id=5010, stack(0x00007f46b6cf1000,0x00007f46b6df2000)]

Other Threads:
=>0x00007f46b006d000 VMThread [stack: 0x00007f46ac295000,0x00007f46ac396000] [id=5016]
  0x00007f46b00b4000 WatcherThread [stack: 0x00007f469f2a9000,0x00007f469f3aa000] [id=5024]

VM state:at safepoint (normal execution)

VM Mutex/Monitor currently owned by a thread:  ([mutex/lock_event])
[0x00007f46b0007680] ExpandHeap_lock - owner thread: 0x00007f46b006d000
[0x00007f46b0007d00] Threads_lock - owner thread: 0x00007f46b006d000
[0x00007f46b0008200] Heap_lock - owner thread: 0x00007f46b0405000

Heap
 def new generation   total 3648K, used 0K [0x00000000de600000, 0x00000000de9f0000, 0x00000000e6200000)
  eden space 3264K,   0% used [0x00000000de600000, 0x00000000de600000, 0x00000000de930000)
  from space 384K,   0% used [0x00000000de990000, 0x00000000de990000, 0x00000000de9f0000)
  to   space 384K,   0% used [0x00000000de930000, 0x00000000de930000, 0x00000000de990000)
 tenured generation   total 105220K, used 3212K [0x00000000e6200000, 0x00000000ec8c1000, 0x00000000f5a00000)
   the space 105220K,   3% used [0x00000000e6200000, 0x00000000e6523368, 0x00000000e6523400, 0x00000000ec8c1000)
 compacting perm gen  total 21248K, used 11476K [0x00000000f5a00000, 0x00000000f6ec0000, 0x0000000100000000)
   the space 21248K,  54% used [0x00000000f5a00000, 0x00000000f65352b8, 0x00000000f6535400, 0x00000000f6ec0000)
No shared spaces configured.

Card table byte_map: [0x00007f46ac6b6000,0x00007f46ac7c4000] byte_map_base: 0x00007f46abfc3000

Polling page: 0x00007f46b6e0f000

Code Cache  [0x00007f46ac7c4000, 0x00007f46aca34000, 0x00007f46af7c4000)
 total_blobs=447 nmethods=120 adapters=280 free_code_cache=48418Kb largest_free_block=49558976

Compilation events (10 events):
Event: 3,907 Thread 0x00007f46b00a4000  122             java.net.URI::quote (208 bytes)
Event: 3,909 Thread 0x00007f46b00a6000  123             java.net.URI::needsNormalization (184 bytes)
Event: 3,917 Thread 0x00007f46b00a4000 nmethod 122 0x00007f46ac864550 code [0x00007f46ac8646a0, 0x00007f46ac864a78]
Event: 3,923 Thread 0x00007f46b00a6000 nmethod 123 0x00007f46ac82d190 code [0x00007f46ac82d320, 0x00007f46ac82d978]
Event: 3,924 Thread 0x00007f46b00a4000  124             java.util.Properties$LineReader::readLine (452 bytes)
Event: 3,942 Thread 0x00007f46b00a4000 nmethod 124 0x00007f46ac87ab50 code [0x00007f46ac87ad20, 0x00007f46ac87b5a0]
Event: 6,966 Thread 0x00007f46b00a6000  125             java.lang.String::indexOf (25 bytes)
Event: 6,998 Thread 0x00007f46b00a6000 nmethod 125 0x00007f46ac87efd0 code [0x00007f46ac87f120, 0x00007f46ac87f1e8]
Event: 7,000 Thread 0x00007f46b00a4000  126             java.lang.ref.Reference::get (5 bytes)
Event: 7,001 Thread 0x00007f46b00a4000 nmethod 126 0x00007f46ac87be50 code [0x00007f46ac87bf80, 0x00007f46ac87bfd8]

GC Heap History (10 events):
Event: 2,771 GC heap after
Heap after GC invocations=5 (full 0):
 def new generation   total 3584K, used 383K [0x00000000de600000, 0x00000000de9e0000, 0x00000000e6200000)
  eden space 3200K,   0% used [0x00000000de600000, 0x00000000de600000, 0x00000000de920000)
  from space 384K,  99% used [0x00000000de980000, 0x00000000de9dfff0, 0x00000000de9e0000)
  to   space 384K,   0% used [0x00000000de920000, 0x00000000de920000, 0x00000000de980000)
 tenured generation   total 7936K, used 2044K [0x00000000e6200000, 0x00000000e69c0000, 0x00000000f5a00000)
   the space 7936K,  25% used [0x00000000e6200000, 0x00000000e63ff100, 0x00000000e63ff200, 0x00000000e69c0000)
 compacting perm gen  total 21248K, used 8986K [0x00000000f5a00000, 0x00000000f6ec0000, 0x0000000100000000)
   the space 21248K,  42% used [0x00000000f5a00000, 0x00000000f62c6aa0, 0x00000000f62c6c00, 0x00000000f6ec0000)
No shared spaces configured.
}
Event: 3,071 GC heap before
{Heap before GC invocations=5 (full 0):
 def new generation   total 3584K, used 3583K [0x00000000de600000, 0x00000000de9e0000, 0x00000000e6200000)
  eden space 3200K, 100% used [0x00000000de600000, 0x00000000de920000, 0x00000000de920000)
  from space 384K,  99% used [0x00000000de980000, 0x00000000de9dfff0, 0x00000000de9e0000)
  to   space 384K,   0% used [0x00000000de920000, 0x00000000de920000, 0x00000000de980000)
 tenured generation   total 7936K, used 2044K [0x00000000e6200000, 0x00000000e69c0000, 0x00000000f5a00000)
   the space 7936K,  25% used [0x00000000e6200000, 0x00000000e63ff100, 0x00000000e63ff200, 0x00000000e69c0000)
 compacting perm gen  total 21248K, used 9995K [0x00000000f5a00000, 0x00000000f6ec0000, 0x0000000100000000)
   the space 21248K,  47% used [0x00000000f5a00000, 0x00000000f63c2ff0, 0x00000000f63c3000, 0x00000000f6ec0000)
No shared spaces configured.
Event: 3,078 GC heap after
Heap after GC invocations=6 (full 0):
 def new generation   total 3584K, used 384K [0x00000000de600000, 0x00000000de9e0000, 0x00000000e6200000)
  eden space 3200K,   0% used [0x00000000de600000, 0x00000000de600000, 0x00000000de920000)
  from space 384K, 100% used [0x00000000de920000, 0x00000000de980000, 0x00000000de980000)
  to   space 384K,   0% used [0x00000000de980000, 0x00000000de980000, 0x00000000de9e0000)
 tenured generation   total 7936K, used 2303K [0x00000000e6200000, 0x00000000e69c0000, 0x00000000f5a00000)
   the space 7936K,  29% used [0x00000000e6200000, 0x00000000e643fd70, 0x00000000e643fe00, 0x00000000e69c0000)
 compacting perm gen  total 21248K, used 9995K [0x00000000f5a00000, 0x00000000f6ec0000, 0x0000000100000000)
   the space 21248K,  47% used [0x00000000f5a00000, 0x00000000f63c2ff0, 0x00000000f63c3000, 0x00000000f6ec0000)
No shared spaces configured.
}
Event: 3,454 GC heap before
{Heap before GC invocations=6 (full 0):
 def new generation   total 3584K, used 3584K [0x00000000de600000, 0x00000000de9e0000, 0x00000000e6200000)
  eden space 3200K, 100% used [0x00000000de600000, 0x00000000de920000, 0x00000000de920000)
  from space 384K, 100% used [0x00000000de920000, 0x00000000de980000, 0x00000000de980000)
  to   space 384K,   0% used [0x00000000de980000, 0x00000000de980000, 0x00000000de9e0000)
 tenured generation   total 7936K, used 2303K [0x00000000e6200000, 0x00000000e69c0000, 0x00000000f5a00000)
   the space 7936K,  29% used [0x00000000e6200000, 0x00000000e643fd70, 0x00000000e643fe00, 0x00000000e69c0000)
 compacting perm gen  total 21248K, used 10458K [0x00000000f5a00000, 0x00000000f6ec0000, 0x0000000100000000)
   the space 21248K,  49% used [0x00000000f5a00000, 0x00000000f6436840, 0x00000000f6436a00, 0x00000000f6ec0000)
No shared spaces configured.
Event: 3,457 GC heap after
Heap after GC invocations=7 (full 0):
 def new generation   total 3584K, used 384K [0x00000000de600000, 0x00000000de9e0000, 0x00000000e6200000)
  eden space 3200K,   0% used [0x00000000de600000, 0x00000000de600000, 0x00000000de920000)
  from space 384K, 100% used [0x00000000de980000, 0x00000000de9e0000, 0x00000000de9e0000)
  to   space 384K,   0% used [0x00000000de920000, 0x00000000de920000, 0x00000000de980000)
 tenured generation   total 7936K, used 2741K [0x00000000e6200000, 0x00000000e69c0000, 0x00000000f5a00000)
   the space 7936K,  34% used [0x00000000e6200000, 0x00000000e64ad440, 0x00000000e64ad600, 0x00000000e69c0000)
 compacting perm gen  total 21248K, used 10458K [0x00000000f5a00000, 0x00000000f6ec0000, 0x0000000100000000)
   the space 21248K,  49% used [0x00000000f5a00000, 0x00000000f6436840, 0x00000000f6436a00, 0x00000000f6ec0000)
No shared spaces configured.
}
Event: 3,827 GC heap before
{Heap before GC invocations=7 (full 0):
 def new generation   total 3584K, used 3584K [0x00000000de600000, 0x00000000de9e0000, 0x00000000e6200000)
  eden space 3200K, 100% used [0x00000000de600000, 0x00000000de920000, 0x00000000de920000)
  from space 384K, 100% used [0x00000000de980000, 0x00000000de9e0000, 0x00000000de9e0000)
  to   space 384K,   0% used [0x00000000de920000, 0x00000000de920000, 0x00000000de980000)
 tenured generation   total 7936K, used 2741K [0x00000000e6200000, 0x00000000e69c0000, 0x00000000f5a00000)
   the space 7936K,  34% used [0x00000000e6200000, 0x00000000e64ad440, 0x00000000e64ad600, 0x00000000e69c0000)
 compacting perm gen  total 21248K, used 10703K [0x00000000f5a00000, 0x00000000f6ec0000, 0x0000000100000000)
   the space 21248K,  50% used [0x00000000f5a00000, 0x00000000f6473fa8, 0x00000000f6474000, 0x00000000f6ec0000)
No shared spaces configured.
Event: 3,829 GC heap after
Heap after GC invocations=8 (full 0):
 def new generation   total 3584K, used 288K [0x00000000de600000, 0x00000000de9e0000, 0x00000000e6200000)
  eden space 3200K,   0% used [0x00000000de600000, 0x00000000de600000, 0x00000000de920000)
  from space 384K,  75% used [0x00000000de920000, 0x00000000de968228, 0x00000000de980000)
  to   space 384K,   0% used [0x00000000de980000, 0x00000000de980000, 0x00000000de9e0000)
 tenured generation   total 7936K, used 3123K [0x00000000e6200000, 0x00000000e69c0000, 0x00000000f5a00000)
   the space 7936K,  39% used [0x00000000e6200000, 0x00000000e650cdf0, 0x00000000e650ce00, 0x00000000e69c0000)
 compacting perm gen  total 21248K, used 10703K [0x00000000f5a00000, 0x00000000f6ec0000, 0x0000000100000000)
   the space 21248K,  50% used [0x00000000f5a00000, 0x00000000f6473fa8, 0x00000000f6474000, 0x00000000f6ec0000)
No shared spaces configured.
}
Event: 3,950 GC heap before
{Heap before GC invocations=8 (full 0):
 def new generation   total 3584K, used 2720K [0x00000000de600000, 0x00000000de9e0000, 0x00000000e6200000)
  eden space 3200K,  75% used [0x00000000de600000, 0x00000000de85fea0, 0x00000000de920000)
  from space 384K,  75% used [0x00000000de920000, 0x00000000de968228, 0x00000000de980000)
  to   space 384K,   0% used [0x00000000de980000, 0x00000000de980000, 0x00000000de9e0000)
 tenured generation   total 7936K, used 3123K [0x00000000e6200000, 0x00000000e69c0000, 0x00000000f5a00000)
   the space 7936K,  39% used [0x00000000e6200000, 0x00000000e650cdf0, 0x00000000e650ce00, 0x00000000e69c0000)
 compacting perm gen  total 21248K, used 11117K [0x00000000f5a00000, 0x00000000f6ec0000, 0x0000000100000000)
   the space 21248K,  52% used [0x00000000f5a00000, 0x00000000f64db4b0, 0x00000000f64db600, 0x00000000f6ec0000)
No shared spaces configured.
Event: 3,977 GC heap after
Heap after GC invocations=9 (full 1):
 def new generation   total 3648K, used 0K [0x00000000de600000, 0x00000000de9f0000, 0x00000000e6200000)
  eden space 3264K,   0% used [0x00000000de600000, 0x00000000de600000, 0x00000000de930000)
  from space 384K,   0% used [0x00000000de930000, 0x00000000de930000, 0x00000000de990000)
  to   space 384K,   0% used [0x00000000de990000, 0x00000000de990000, 0x00000000de9f0000)
 tenured generation   total 7936K, used 3180K [0x00000000e6200000, 0x00000000e69c0000, 0x00000000f5a00000)
   the space 7936K,  40% used [0x00000000e6200000, 0x00000000e651b168, 0x00000000e651b200, 0x00000000e69c0000)
 compacting perm gen  total 21248K, used 11117K [0x00000000f5a00000, 0x00000000f6ec0000, 0x0000000100000000)
   the space 21248K,  52% used [0x00000000f5a00000, 0x00000000f64db4b0, 0x00000000f64db600, 0x00000000f6ec0000)
No shared spaces configured.
}
Event: 7,039 GC heap before
{Heap before GC invocations=9 (full 1):
 def new generation   total 3648K, used 3264K [0x00000000de600000, 0x00000000de9f0000, 0x00000000e6200000)
  eden space 3264K, 100% used [0x00000000de600000, 0x00000000de930000, 0x00000000de930000)
  from space 384K,   0% used [0x00000000de930000, 0x00000000de930000, 0x00000000de990000)
  to   space 384K,   0% used [0x00000000de990000, 0x00000000de990000, 0x00000000de9f0000)
 tenured generation   total 105220K, used 104300K [0x00000000e6200000, 0x00000000ec8c1000, 0x00000000f5a00000)
   the space 105220K,  99% used [0x00000000e6200000, 0x00000000ec7db188, 0x00000000ec7db200, 0x00000000ec8c1000)
 compacting perm gen  total 21248K, used 11476K [0x00000000f5a00000, 0x00000000f6ec0000, 0x0000000100000000)
   the space 21248K,  54% used [0x00000000f5a00000, 0x00000000f65352b8, 0x00000000f6535400, 0x00000000f6ec0000)
No shared spaces configured.

Deoptimization events (10 events):
Event: 0,555 Thread 0x00007f46b000b800 Uncommon trap: reason=unstable_if action=reinterpret pc=0x00007f46ac82402c method=java.lang.String.indexOf(II)I @ 49
Event: 0,591 Thread 0x00007f46b000b800 Uncommon trap: reason=unstable_if action=reinterpret pc=0x00007f46ac8248cc method=java.lang.String.hashCode()I @ 14
Event: 1,119 Thread 0x00007f46b000b800 Uncommon trap: reason=unstable_if action=reinterpret pc=0x00007f46ac826ab0 method=java.lang.String.indexOf([CII[CIII)I @ 3
Event: 1,225 Thread 0x00007f46b000b800 Uncommon trap: reason=unstable_if action=reinterpret pc=0x00007f46ac827d28 method=java.lang.String.startsWith(Ljava/lang/String;I)Z @ 37
Event: 1,334 Thread 0x00007f46b000b800 Uncommon trap: reason=class_check action=maybe_recompile pc=0x00007f46ac82d7ac method=java.util.Properties$LineReader.readLine()I @ 62
Event: 1,337 Thread 0x00007f46b000b800 Uncommon trap: reason=unstable_if action=reinterpret pc=0x00007f46ac82d708 method=java.util.Properties$LineReader.readLine()I @ 369
Event: 1,983 Thread 0x00007f46b000b800 Uncommon trap: reason=null_check action=make_not_entrant pc=0x00007f46ac82b958 method=java.lang.String.equals(Ljava/lang/Object;)Z @ 8
Event: 2,735 Thread 0x00007f46b000b800 Uncommon trap: reason=unstable_if action=reinterpret pc=0x00007f46ac828e4c method=sun.net.www.ParseUtil.encodePath(Ljava/lang/String;Z)Ljava/lang/String; @ 109
Event: 3,725 Thread 0x00007f46b000b800 Uncommon trap: reason=unstable_if action=reinterpret pc=0x00007f46ac8588bc method=com.sun.org.apache.xerces.internal.dom.DeferredDocumentImpl.clearChunkIndex([[III)I @ 47
Event: 4,702 Thread 0x00007f46b0405000 Uncommon trap: reason=unstable_if action=reinterpret pc=0x00007f46ac829e8c method=java.lang.String.replace(CC)Ljava/lang/String; @ 26

Internal exceptions (10 events):
Event: 6,966 Thread 0x00007f46b0405000 Threw 0x00000000de8b1fc0 at /build/openjdk-7-nS_8br/openjdk-7-7u85-2.6.1/build/openjdk/hotspot/src/share/vm/prims/jvm.cpp:1322
Event: 6,967 Thread 0x00007f46b0405000 Threw 0x00000000de8ba970 at /build/openjdk-7-nS_8br/openjdk-7-7u85-2.6.1/build/openjdk/hotspot/src/share/vm/prims/jvm.cpp:1322
Event: 6,968 Thread 0x00007f46b0405000 Threw 0x00000000de8c4da8 at /build/openjdk-7-nS_8br/openjdk-7-7u85-2.6.1/build/openjdk/hotspot/src/share/vm/prims/jvm.cpp:1322
Event: 6,970 Thread 0x00007f46b0405000 Threw 0x00000000de8cc720 at /build/openjdk-7-nS_8br/openjdk-7-7u85-2.6.1/build/openjdk/hotspot/src/share/vm/prims/jvm.cpp:1322
Event: 6,971 Thread 0x00007f46b0405000 Threw 0x00000000de8d29c8 at /build/openjdk-7-nS_8br/openjdk-7-7u85-2.6.1/build/openjdk/hotspot/src/share/vm/prims/jvm.cpp:1322
Event: 6,993 Thread 0x00007f46b0405000 Threw 0x00000000de8fa0f0 at /build/openjdk-7-nS_8br/openjdk-7-7u85-2.6.1/build/openjdk/hotspot/src/share/vm/prims/jvm.cpp:1322
Event: 6,997 Thread 0x00007f46b0405000 Threw 0x00000000de907098 at /build/openjdk-7-nS_8br/openjdk-7-7u85-2.6.1/build/openjdk/hotspot/src/share/vm/prims/jvm.cpp:1322
Event: 6,998 Thread 0x00007f46b0405000 Threw 0x00000000de915240 at /build/openjdk-7-nS_8br/openjdk-7-7u85-2.6.1/build/openjdk/hotspot/src/share/vm/prims/jvm.cpp:1322
Event: 6,999 Thread 0x00007f46b0405000 Threw 0x00000000de91b5d0 at /build/openjdk-7-nS_8br/openjdk-7-7u85-2.6.1/build/openjdk/hotspot/src/share/vm/prims/jvm.cpp:1322
Event: 7,000 Thread 0x00007f46b0405000 Threw 0x00000000de921378 at /build/openjdk-7-nS_8br/openjdk-7-7u85-2.6.1/build/openjdk/hotspot/src/share/vm/prims/jvm.cpp:1322

Events (10 events):
Event: 7,033 loading class 0x00007f4690459640 done
Event: 7,033 loading class 0x00007f4690457e30 done
Event: 7,033 loading class 0x00007f4690457990 done
Event: 7,035 loading class 0x00007f46904589f0
Event: 7,036 loading class 0x00007f46904589f0 done
Event: 7,036 loading class 0x00007f4690459960
Event: 7,036 loading class 0x00007f4690459960 done
Event: 7,037 loading class 0x00007f46942d9390
Event: 7,037 loading class 0x00007f46942d9390 done
Event: 7,037 Executing VM operation: GenCollectForAllocation


Dynamic libraries:
00400000-00401000 r-xp 00000000 08:01 320710                             /usr/lib/jvm/java-7-openjdk-amd64/jre/bin/java
00600000-00601000 r--p 00000000 08:01 320710                             /usr/lib/jvm/java-7-openjdk-amd64/jre/bin/java
00601000-00602000 rw-p 00001000 08:01 320710                             /usr/lib/jvm/java-7-openjdk-amd64/jre/bin/java
02083000-020a4000 rw-p 00000000 00:00 0                                  [heap]
de600000-de9f0000 rw-p 00000000 00:00 0 
e1970000-e6200000 rw-p 00000000 00:00 0 
e6200000-ec8c1000 rw-p 00000000 00:00 0 
ec8c1000-eca02000 ---p 00000000 00:00 0 
eca02000-f5a00000 rw-p 00000000 00:00 0 
f5a00000-f6ec0000 rw-p 00000000 00:00 0 
f6ec0000-100000000 rw-p 00000000 00:00 0 
7f4688000000-7f4688021000 rw-p 00000000 00:00 0 
7f4688021000-7f468c000000 ---p 00000000 00:00 0 
7f4690000000-7f4690502000 rw-p 00000000 00:00 0 
7f4690502000-7f4694000000 ---p 00000000 00:00 0 
7f4694000000-7f4694558000 rw-p 00000000 00:00 0 
7f4694558000-7f4698000000 ---p 00000000 00:00 0 
7f4698000000-7f4698021000 rw-p 00000000 00:00 0 
7f4698021000-7f469c000000 ---p 00000000 00:00 0 
7f469ccf5000-7f469cf2e000 rw-p 00000000 00:00 0 
7f469cf2e000-7f469cf31000 ---p 00000000 00:00 0 
7f469cf31000-7f469d02f000 rw-p 00000000 00:00 0 
7f469d02f000-7f469d032000 ---p 00000000 00:00 0 
7f469d032000-7f469d130000 rw-p 00000000 00:00 0                          [stack:5031]
7f469d130000-7f469d133000 ---p 00000000 00:00 0 
7f469d133000-7f469d231000 rw-p 00000000 00:00 0                          [stack:5026]
7f469d231000-7f469d23c000 r--s 00203000 08:01 320721                     /usr/lib/jvm/java-7-openjdk-amd64/jre/lib/charsets.jar
7f469d23c000-7f469d23d000 r-xp 00000000 08:01 320754                     /usr/lib/jvm/java-7-openjdk-amd64/jre/lib/amd64/libjaas_unix.so
7f469d23d000-7f469d43c000 ---p 00001000 08:01 320754                     /usr/lib/jvm/java-7-openjdk-amd64/jre/lib/amd64/libjaas_unix.so
7f469d43c000-7f469d43d000 r--p 00000000 08:01 320754                     /usr/lib/jvm/java-7-openjdk-amd64/jre/lib/amd64/libjaas_unix.so
7f469d43d000-7f469d43e000 rw-p 00001000 08:01 320754                     /usr/lib/jvm/java-7-openjdk-amd64/jre/lib/amd64/libjaas_unix.so
7f469d43e000-7f469d446000 r-xp 00000000 08:01 320748                     /usr/lib/jvm/java-7-openjdk-amd64/jre/lib/amd64/libmanagement.so
7f469d446000-7f469d645000 ---p 00008000 08:01 320748                     /usr/lib/jvm/java-7-openjdk-amd64/jre/lib/amd64/libmanagement.so
7f469d645000-7f469d646000 r--p 00007000 08:01 320748                     /usr/lib/jvm/java-7-openjdk-amd64/jre/lib/amd64/libmanagement.so
7f469d646000-7f469d647000 rw-p 00008000 08:01 320748                     /usr/lib/jvm/java-7-openjdk-amd64/jre/lib/amd64/libmanagement.so
7f469d647000-7f469d658000 r-xp 00000000 08:01 320740                     /usr/lib/jvm/java-7-openjdk-amd64/jre/lib/amd64/libnio.so
7f469d658000-7f469d857000 ---p 00011000 08:01 320740                     /usr/lib/jvm/java-7-openjdk-amd64/jre/lib/amd64/libnio.so
7f469d857000-7f469d858000 r--p 00010000 08:01 320740                     /usr/lib/jvm/java-7-openjdk-amd64/jre/lib/amd64/libnio.so
7f469d858000-7f469d859000 rw-p 00011000 08:01 320740                     /usr/lib/jvm/java-7-openjdk-amd64/jre/lib/amd64/libnio.so
7f469d859000-7f469d85c000 ---p 00000000 00:00 0 
7f469d85c000-7f469dc5b000 rw-p 00000000 00:00 0                          [stack:5025]
7f469dc5b000-7f469dcc7000 r-xp 00000000 08:01 138618                     /lib/x86_64-linux-gnu/libpcre.so.3.13.1
7f469dcc7000-7f469dec6000 ---p 0006c000 08:01 138618                     /lib/x86_64-linux-gnu/libpcre.so.3.13.1
7f469dec6000-7f469dec7000 r--p 0006b000 08:01 138618                     /lib/x86_64-linux-gnu/libpcre.so.3.13.1
7f469dec7000-7f469dec8000 rw-p 0006c000 08:01 138618                     /lib/x86_64-linux-gnu/libpcre.so.3.13.1
7f469dec8000-7f469decf000 r-xp 00000000 08:01 276006                     /usr/lib/x86_64-linux-gnu/libffi.so.6.0.4
7f469decf000-7f469e0ce000 ---p 00007000 08:01 276006                     /usr/lib/x86_64-linux-gnu/libffi.so.6.0.4
7f469e0ce000-7f469e0cf000 r--p 00006000 08:01 276006                     /usr/lib/x86_64-linux-gnu/libffi.so.6.0.4
7f469e0cf000-7f469e0d0000 rw-p 00007000 08:01 276006                     /usr/lib/x86_64-linux-gnu/libffi.so.6.0.4
7f469e0d0000-7f469e0e7000 r-xp 00000000 08:01 138642                     /lib/x86_64-linux-gnu/libresolv-2.21.so
7f469e0e7000-7f469e2e7000 ---p 00017000 08:01 138642                     /lib/x86_64-linux-gnu/libresolv-2.21.so
7f469e2e7000-7f469e2e9000 r--p 00017000 08:01 138642                     /lib/x86_64-linux-gnu/libresolv-2.21.so
7f469e2e9000-7f469e2ea000 rw-p 00019000 08:01 138642                     /lib/x86_64-linux-gnu/libresolv-2.21.so
7f469e2ea000-7f469e2ec000 rw-p 00000000 00:00 0 
7f469e2ec000-7f469e30d000 r-xp 00000000 08:01 138648                     /lib/x86_64-linux-gnu/libselinux.so.1
7f469e30d000-7f469e50c000 ---p 00021000 08:01 138648                     /lib/x86_64-linux-gnu/libselinux.so.1
7f469e50c000-7f469e50d000 r--p 00020000 08:01 138648                     /lib/x86_64-linux-gnu/libselinux.so.1
7f469e50d000-7f469e50e000 rw-p 00021000 08:01 138648                     /lib/x86_64-linux-gnu/libselinux.so.1
7f469e50e000-7f469e510000 rw-p 00000000 00:00 0 
7f469e510000-7f469e513000 r-xp 00000000 08:01 276125                     /usr/lib/x86_64-linux-gnu/libgmodule-2.0.so.0.4600.1
7f469e513000-7f469e712000 ---p 00003000 08:01 276125                     /usr/lib/x86_64-linux-gnu/libgmodule-2.0.so.0.4600.1
7f469e712000-7f469e713000 r--p 00002000 08:01 276125                     /usr/lib/x86_64-linux-gnu/libgmodule-2.0.so.0.4600.1
7f469e713000-7f469e714000 rw-p 00003000 08:01 276125                     /usr/lib/x86_64-linux-gnu/libgmodule-2.0.so.0.4600.1
7f469e714000-7f469e821000 r-xp 00000000 08:01 138535                     /lib/x86_64-linux-gnu/libglib-2.0.so.0.4600.1
7f469e821000-7f469ea20000 ---p 0010d000 08:01 138535                     /lib/x86_64-linux-gnu/libglib-2.0.so.0.4600.1
7f469ea20000-7f469ea21000 r--p 0010c000 08:01 138535                     /lib/x86_64-linux-gnu/libglib-2.0.so.0.4600.1
7f469ea21000-7f469ea22000 rw-p 0010d000 08:01 138535                     /lib/x86_64-linux-gnu/libglib-2.0.so.0.4600.1
7f469ea22000-7f469ea23000 rw-p 00000000 00:00 0 
7f469ea23000-7f469ea75000 r-xp 00000000 08:01 276141                     /usr/lib/x86_64-linux-gnu/libgobject-2.0.so.0.4600.1
7f469ea75000-7f469ec74000 ---p 00052000 08:01 276141                     /usr/lib/x86_64-linux-gnu/libgobject-2.0.so.0.4600.1
7f469ec74000-7f469ec75000 r--p 00051000 08:01 276141                     /usr/lib/x86_64-linux-gnu/libgobject-2.0.so.0.4600.1
7f469ec75000-7f469ec76000 rw-p 00052000 08:01 276141                     /usr/lib/x86_64-linux-gnu/libgobject-2.0.so.0.4600.1
7f469ec76000-7f469edf0000 r-xp 00000000 08:01 276111                     /usr/lib/x86_64-linux-gnu/libgio-2.0.so.0.4600.1
7f469edf0000-7f469efef000 ---p 0017a000 08:01 276111                     /usr/lib/x86_64-linux-gnu/libgio-2.0.so.0.4600.1
7f469efef000-7f469eff3000 r--p 00179000 08:01 276111                     /usr/lib/x86_64-linux-gnu/libgio-2.0.so.0.4600.1
7f469eff3000-7f469eff5000 rw-p 0017d000 08:01 276111                     /usr/lib/x86_64-linux-gnu/libgio-2.0.so.0.4600.1
7f469eff5000-7f469eff7000 rw-p 00000000 00:00 0 
7f469effe000-7f469efff000 rw-p 00000000 00:00 0 
7f469efff000-7f469f001000 r--s 00018000 08:01 320722                     /usr/lib/jvm/java-7-openjdk-amd64/jre/lib/jce.jar
7f469f001000-7f469f00b000 r--s 000ae000 08:01 320794                     /usr/lib/jvm/java-7-openjdk-amd64/jre/lib/resources.jar
7f469f00b000-7f469f010000 r--s 0004e000 08:01 320786                     /usr/lib/jvm/java-7-openjdk-amd64/jre/lib/jsse.jar
7f469f010000-7f469f027000 r-xp 00000000 08:01 320773                     /usr/lib/jvm/java-7-openjdk-amd64/jre/lib/amd64/libnet.so
7f469f027000-7f469f227000 ---p 00017000 08:01 320773                     /usr/lib/jvm/java-7-openjdk-amd64/jre/lib/amd64/libnet.so
7f469f227000-7f469f228000 r--p 00017000 08:01 320773                     /usr/lib/jvm/java-7-openjdk-amd64/jre/lib/amd64/libnet.so
7f469f228000-7f469f229000 rw-p 00018000 08:01 320773                     /usr/lib/jvm/java-7-openjdk-amd64/jre/lib/amd64/libnet.so
7f469f229000-7f469f230000 r--s 00053000 08:01 64758                      /home/christina/.m2/repository/log4j/log4j/1.2.14/log4j-1.2.14.jar
7f469f230000-7f469f243000 r--s 000df000 08:01 64755                      /home/christina/.m2/repository/org/apache/commons/commons-math/2.2/commons-math-2.2.jar
7f469f243000-7f469f246000 r--s 00014000 08:01 64753                      /home/christina/.m2/repository/org/apache/mahout/commons/commons-cli/2.0-mahout/commons-cli-2.0-mahout.jar
7f469f246000-7f469f24f000 r--s 000c7000 08:01 64752                      /home/christina/.m2/repository/org/apache/lucene/lucene-analyzers/3.4.0/lucene-analyzers-3.4.0.jar
7f469f24f000-7f469f266000 r--s 0013f000 08:01 64750                      /home/christina/.m2/repository/org/apache/lucene/lucene-core/3.4.0/lucene-core-3.4.0.jar
7f469f266000-7f469f271000 r--s 0005f000 08:01 64746                      /home/christina/.m2/repository/com/thoughtworks/xstream/xstream/1.3.1/xstream-1.3.1.jar
7f469f271000-7f469f274000 r--s 00010000 08:01 64743                      /home/christina/.m2/repository/org/uncommons/watchmaker/watchmaker-framework/0.6.2/watchmaker-framework-0.6.2.jar
7f469f274000-7f469f279000 r--s 00041000 08:01 63777                      /home/christina/.m2/repository/commons-lang/commons-lang/2.6/commons-lang-2.6.jar
7f469f279000-7f469f2a9000 r--s 0032a000 08:01 64733                      /home/christina/.m2/repository/org/apache/hadoop/hadoop-core/0.20.204.0/hadoop-core-0.20.204.0.jar
7f469f2a9000-7f469f2aa000 ---p 00000000 00:00 0 
7f469f2aa000-7f469f3aa000 rw-p 00000000 00:00 0                          [stack:5024]
7f469f3aa000-7f469f3ad000 ---p 00000000 00:00 0 
7f469f3ad000-7f469f4ab000 rw-p 00000000 00:00 0                          [stack:5023]
7f469f4ab000-7f469f4ae000 ---p 00000000 00:00 0 
7f469f4ae000-7f469f5ac000 rw-p 00000000 00:00 0                          [stack:5022]
7f469f5ac000-7f469f5af000 ---p 00000000 00:00 0 
7f469f5af000-7f469f6ad000 rw-p 00000000 00:00 0                          [stack:5021]
7f469f6ad000-7f469f6b0000 ---p 00000000 00:00 0 
7f469f6b0000-7f469f7ae000 rw-p 00000000 00:00 0                          [stack:5020]
7f469f7ae000-7f46a0000000 r--p 00000000 08:01 271256                     /usr/lib/locale/locale-archive
7f46a0000000-7f46a0021000 rw-p 00000000 00:00 0 
7f46a0021000-7f46a4000000 ---p 00000000 00:00 0 
7f46a4000000-7f46a4021000 rw-p 00000000 00:00 0 
7f46a4021000-7f46a8000000 ---p 00000000 00:00 0 
7f46a8000000-7f46a8034000 rw-p 00000000 00:00 0 
7f46a8034000-7f46ac000000 ---p 00000000 00:00 0 
7f46ac000000-7f46ac00c000 r--s 00097000 08:01 64741                      /home/christina/.m2/repository/org/codehaus/jackson/jackson-mapper-asl/1.8.2/jackson-mapper-asl-1.8.2.jar
7f46ac00c000-7f46ac010000 r--s 00034000 08:01 64739                      /home/christina/.m2/repository/org/codehaus/jackson/jackson-core-asl/1.8.2/jackson-core-asl-1.8.2.jar
7f46ac010000-7f46ac014000 r--s 0002f000 08:01 63786                      /home/christina/.m2/repository/commons-beanutils/commons-beanutils-core/1.8.0/commons-beanutils-core-1.8.0.jar
7f46ac014000-7f46ac019000 r--s 0002a000 08:01 63785                      /home/christina/.m2/repository/commons-beanutils/commons-beanutils/1.7.0/commons-beanutils-1.7.0.jar
7f46ac019000-7f46ac027000 r--s 0007f000 08:01 63770                      /home/christina/.m2/repository/commons-collections/commons-collections/3.2.1/commons-collections-3.2.1.jar
7f46ac027000-7f46ac040000 r--s 000f2000 08:01 64731                      /home/christina/.m2/repository/org/apache/mahout/mahout-collections/1.0/mahout-collections-1.0.jar
7f46ac040000-7f46ac05e000 r--s 00178000 08:01 64724                      /home/christina/.m2/repository/org/apache/mahout/mahout-core/0.6/mahout-core-0.6.jar
7f46ac05e000-7f46ac076000 r--s 00100000 08:01 64721                      /home/christina/.m2/repository/com/google/guava/guava/r09/guava-r09.jar
7f46ac076000-7f46ac093000 r--s 0013e000 08:01 64719                      /home/christina/.m2/repository/org/mockito/mockito-all/1.8.5/mockito-all-1.8.5.jar
7f46ac093000-7f46ac096000 ---p 00000000 00:00 0 
7f46ac096000-7f46ac194000 rw-p 00000000 00:00 0                          [stack:5018]
7f46ac194000-7f46ac197000 ---p 00000000 00:00 0 
7f46ac197000-7f46ac295000 rw-p 00000000 00:00 0                          [stack:5017]
7f46ac295000-7f46ac296000 ---p 00000000 00:00 0 
7f46ac296000-7f46ac3df000 rw-p 00000000 00:00 0                          [stack:5016]
7f46ac3df000-7f46ac591000 r--s 01d30000 08:01 320733                     /usr/lib/jvm/java-7-openjdk-amd64/jre/lib/rt.jar
7f46ac591000-7f46ac66d000 rw-p 00000000 00:00 0 
7f46ac66d000-7f46ac6b6000 rw-p 00000000 00:00 0 
7f46ac6b6000-7f46ac6b8000 rw-p 00000000 00:00 0 
7f46ac6b8000-7f46ac6f4000 rw-p 00000000 00:00 0 
7f46ac6f4000-7f46ac728000 rw-p 00000000 00:00 0 
7f46ac728000-7f46ac729000 ---p 00000000 00:00 0 
7f46ac729000-7f46ac770000 rw-p 00000000 00:00 0 
7f46ac770000-7f46ac77b000 rw-p 00000000 00:00 0 
7f46ac77b000-7f46ac7c3000 rw-p 00000000 00:00 0 
7f46ac7c3000-7f46ac7c4000 rw-p 00000000 00:00 0 
7f46ac7c4000-7f46aca34000 rwxp 00000000 00:00 0 
7f46aca34000-7f46af7c4000 rw-p 00000000 00:00 0 
7f46af7c4000-7f46af7cc000 r-xp 00000000 08:01 320744                     /usr/lib/jvm/java-7-openjdk-amd64/jre/lib/amd64/libzip.so
7f46af7cc000-7f46af9cb000 ---p 00008000 08:01 320744                     /usr/lib/jvm/java-7-openjdk-amd64/jre/lib/amd64/libzip.so
7f46af9cb000-7f46af9cc000 r--p 00007000 08:01 320744                     /usr/lib/jvm/java-7-openjdk-amd64/jre/lib/amd64/libzip.so
7f46af9cc000-7f46af9cd000 rw-p 00008000 08:01 320744                     /usr/lib/jvm/java-7-openjdk-amd64/jre/lib/amd64/libzip.so
7f46af9cd000-7f46af9d9000 r-xp 00000000 08:01 138587                     /lib/x86_64-linux-gnu/libnss_files-2.21.so
7f46af9d9000-7f46afbd8000 ---p 0000c000 08:01 138587                     /lib/x86_64-linux-gnu/libnss_files-2.21.so
7f46afbd8000-7f46afbd9000 r--p 0000b000 08:01 138587                     /lib/x86_64-linux-gnu/libnss_files-2.21.so
7f46afbd9000-7f46afbda000 rw-p 0000c000 08:01 138587                     /lib/x86_64-linux-gnu/libnss_files-2.21.so
7f46afbda000-7f46afbe5000 r-xp 00000000 08:01 138597                     /lib/x86_64-linux-gnu/libnss_nis-2.21.so
7f46afbe5000-7f46afde4000 ---p 0000b000 08:01 138597                     /lib/x86_64-linux-gnu/libnss_nis-2.21.so
7f46afde4000-7f46afde5000 r--p 0000a000 08:01 138597                     /lib/x86_64-linux-gnu/libnss_nis-2.21.so
7f46afde5000-7f46afde6000 rw-p 0000b000 08:01 138597                     /lib/x86_64-linux-gnu/libnss_nis-2.21.so
7f46afde6000-7f46afdfd000 r-xp 00000000 08:01 138581                     /lib/x86_64-linux-gnu/libnsl-2.21.so
7f46afdfd000-7f46afffc000 ---p 00017000 08:01 138581                     /lib/x86_64-linux-gnu/libnsl-2.21.so
7f46afffc000-7f46afffd000 r--p 00016000 08:01 138581                     /lib/x86_64-linux-gnu/libnsl-2.21.so
7f46afffd000-7f46afffe000 rw-p 00017000 08:01 138581                     /lib/x86_64-linux-gnu/libnsl-2.21.so
7f46afffe000-7f46b0000000 rw-p 00000000 00:00 0 
7f46b0000000-7f46b041d000 rw-p 00000000 00:00 0 
7f46b041d000-7f46b4000000 ---p 00000000 00:00 0 
7f46b4000000-7f46b4002000 r--s 00005000 08:01 64747                      /home/christina/.m2/repository/xpp3/xpp3_min/1.1.4c/xpp3_min-1.1.4c.jar
7f46b4002000-7f46b4006000 r--s 00020000 08:01 63781                      /home/christina/.m2/repository/commons-digester/commons-digester/1.8/commons-digester-1.8.jar
7f46b4006000-7f46b400c000 r--s 00043000 08:01 63780                      /home/christina/.m2/repository/commons-configuration/commons-configuration/1.6/commons-configuration-1.6.jar
7f46b400c000-7f46b400e000 r--s 0000d000 08:01 63763                      /home/christina/.m2/repository/commons-codec/commons-codec/1.4/commons-codec-1.4.jar
7f46b400e000-7f46b4013000 r--s 00040000 08:01 64735                      /home/christina/.m2/repository/commons-httpclient/commons-httpclient/3.0.1/commons-httpclient-3.0.1.jar
7f46b4013000-7f46b4015000 r--s 00009000 08:01 63755                      /home/christina/.m2/repository/commons-cli/commons-cli/1.2/commons-cli-1.2.jar
7f46b4015000-7f46b4071000 rw-p 00000000 00:00 0 
7f46b4071000-7f46b4072000 ---p 00000000 00:00 0 
7f46b4072000-7f46b40ba000 rw-p 00000000 00:00 0 
7f46b40ba000-7f46b40c2000 r-xp 00000000 08:01 138583                     /lib/x86_64-linux-gnu/libnss_compat-2.21.so
7f46b40c2000-7f46b42c1000 ---p 00008000 08:01 138583                     /lib/x86_64-linux-gnu/libnss_compat-2.21.so
7f46b42c1000-7f46b42c2000 r--p 00007000 08:01 138583                     /lib/x86_64-linux-gnu/libnss_compat-2.21.so
7f46b42c2000-7f46b42c3000 rw-p 00008000 08:01 138583                     /lib/x86_64-linux-gnu/libnss_compat-2.21.so
7f46b42c3000-7f46b42ef000 r-xp 00000000 08:01 320752                     /usr/lib/jvm/java-7-openjdk-amd64/jre/lib/amd64/libjava.so
7f46b42ef000-7f46b44ee000 ---p 0002c000 08:01 320752                     /usr/lib/jvm/java-7-openjdk-amd64/jre/lib/amd64/libjava.so
7f46b44ee000-7f46b44ef000 r--p 0002b000 08:01 320752                     /usr/lib/jvm/java-7-openjdk-amd64/jre/lib/amd64/libjava.so
7f46b44ef000-7f46b44f1000 rw-p 0002c000 08:01 320752                     /usr/lib/jvm/java-7-openjdk-amd64/jre/lib/amd64/libjava.so
7f46b44f1000-7f46b4500000 r-xp 00000000 08:01 320768                     /usr/lib/jvm/java-7-openjdk-amd64/jre/lib/amd64/libverify.so
7f46b4500000-7f46b46ff000 ---p 0000f000 08:01 320768                     /usr/lib/jvm/java-7-openjdk-amd64/jre/lib/amd64/libverify.so
7f46b46ff000-7f46b4701000 r--p 0000e000 08:01 320768                     /usr/lib/jvm/java-7-openjdk-amd64/jre/lib/amd64/libverify.so
7f46b4701000-7f46b4702000 rw-p 00010000 08:01 320768                     /usr/lib/jvm/java-7-openjdk-amd64/jre/lib/amd64/libverify.so
7f46b4702000-7f46b4709000 r-xp 00000000 08:01 138644                     /lib/x86_64-linux-gnu/librt-2.21.so
7f46b4709000-7f46b4908000 ---p 00007000 08:01 138644                     /lib/x86_64-linux-gnu/librt-2.21.so
7f46b4908000-7f46b4909000 r--p 00006000 08:01 138644                     /lib/x86_64-linux-gnu/librt-2.21.so
7f46b4909000-7f46b490a000 rw-p 00007000 08:01 138644                     /lib/x86_64-linux-gnu/librt-2.21.so
7f46b490a000-7f46b4920000 r-xp 00000000 08:01 138531                     /lib/x86_64-linux-gnu/libgcc_s.so.1
7f46b4920000-7f46b4b1f000 ---p 00016000 08:01 138531                     /lib/x86_64-linux-gnu/libgcc_s.so.1
7f46b4b1f000-7f46b4b20000 r--p 00015000 08:01 138531                     /lib/x86_64-linux-gnu/libgcc_s.so.1
7f46b4b20000-7f46b4b21000 rw-p 00016000 08:01 138531                     /lib/x86_64-linux-gnu/libgcc_s.so.1
7f46b4b21000-7f46b4c28000 r-xp 00000000 08:01 138560                     /lib/x86_64-linux-gnu/libm-2.21.so
7f46b4c28000-7f46b4e27000 ---p 00107000 08:01 138560                     /lib/x86_64-linux-gnu/libm-2.21.so
7f46b4e27000-7f46b4e28000 r--p 00106000 08:01 138560                     /lib/x86_64-linux-gnu/libm-2.21.so
7f46b4e28000-7f46b4e29000 rw-p 00107000 08:01 138560                     /lib/x86_64-linux-gnu/libm-2.21.so
7f46b4e29000-7f46b4f9c000 r-xp 00000000 08:01 276663                     /usr/lib/x86_64-linux-gnu/libstdc++.so.6.0.21
7f46b4f9c000-7f46b519b000 ---p 00173000 08:01 276663                     /usr/lib/x86_64-linux-gnu/libstdc++.so.6.0.21
7f46b519b000-7f46b51a5000 r--p 00172000 08:01 276663                     /usr/lib/x86_64-linux-gnu/libstdc++.so.6.0.21
7f46b51a5000-7f46b51a7000 rw-p 0017c000 08:01 276663                     /usr/lib/x86_64-linux-gnu/libstdc++.so.6.0.21
7f46b51a7000-7f46b51ab000 rw-p 00000000 00:00 0 
7f46b51ab000-7f46b5cfc000 r-xp 00000000 08:01 320759                     /usr/lib/jvm/java-7-openjdk-amd64/jre/lib/amd64/server/libjvm.so
7f46b5cfc000-7f46b5efc000 ---p 00b51000 08:01 320759                     /usr/lib/jvm/java-7-openjdk-amd64/jre/lib/amd64/server/libjvm.so
7f46b5efc000-7f46b5f8d000 r--p 00b51000 08:01 320759                     /usr/lib/jvm/java-7-openjdk-amd64/jre/lib/amd64/server/libjvm.so
7f46b5f8d000-7f46b5fb0000 rw-p 00be2000 08:01 320759                     /usr/lib/jvm/java-7-openjdk-amd64/jre/lib/amd64/server/libjvm.so
7f46b5fb0000-7f46b5fdb000 rw-p 00000000 00:00 0 
7f46b5fdb000-7f46b5ff4000 r-xp 00000000 08:01 138679                     /lib/x86_64-linux-gnu/libz.so.1.2.8
7f46b5ff4000-7f46b61f3000 ---p 00019000 08:01 138679                     /lib/x86_64-linux-gnu/libz.so.1.2.8
7f46b61f3000-7f46b61f4000 r--p 00018000 08:01 138679                     /lib/x86_64-linux-gnu/libz.so.1.2.8
7f46b61f4000-7f46b61f5000 rw-p 00019000 08:01 138679                     /lib/x86_64-linux-gnu/libz.so.1.2.8
7f46b61f5000-7f46b620d000 r-xp 00000000 08:01 138636                     /lib/x86_64-linux-gnu/libpthread-2.21.so
7f46b620d000-7f46b640d000 ---p 00018000 08:01 138636                     /lib/x86_64-linux-gnu/libpthread-2.21.so
7f46b640d000-7f46b640e000 r--p 00018000 08:01 138636                     /lib/x86_64-linux-gnu/libpthread-2.21.so
7f46b640e000-7f46b640f000 rw-p 00019000 08:01 138636                     /lib/x86_64-linux-gnu/libpthread-2.21.so
7f46b640f000-7f46b6413000 rw-p 00000000 00:00 0 
7f46b6413000-7f46b6416000 r-xp 00000000 08:01 138516                     /lib/x86_64-linux-gnu/libdl-2.21.so
7f46b6416000-7f46b6615000 ---p 00003000 08:01 138516                     /lib/x86_64-linux-gnu/libdl-2.21.so
7f46b6615000-7f46b6616000 r--p 00002000 08:01 138516                     /lib/x86_64-linux-gnu/libdl-2.21.so
7f46b6616000-7f46b6617000 rw-p 00003000 08:01 138516                     /lib/x86_64-linux-gnu/libdl-2.21.so
7f46b6617000-7f46b67d7000 r-xp 00000000 08:01 138497                     /lib/x86_64-linux-gnu/libc-2.21.so
7f46b67d7000-7f46b69d7000 ---p 001c0000 08:01 138497                     /lib/x86_64-linux-gnu/libc-2.21.so
7f46b69d7000-7f46b69db000 r--p 001c0000 08:01 138497                     /lib/x86_64-linux-gnu/libc-2.21.so
7f46b69db000-7f46b69dd000 rw-p 001c4000 08:01 138497                     /lib/x86_64-linux-gnu/libc-2.21.so
7f46b69dd000-7f46b69e1000 rw-p 00000000 00:00 0 
7f46b69e1000-7f46b69ee000 r-xp 00000000 08:01 320770                     /usr/lib/jvm/java-7-openjdk-amd64/jre/lib/amd64/jli/libjli.so
7f46b69ee000-7f46b6bed000 ---p 0000d000 08:01 320770                     /usr/lib/jvm/java-7-openjdk-amd64/jre/lib/amd64/jli/libjli.so
7f46b6bed000-7f46b6bee000 r--p 0000c000 08:01 320770                     /usr/lib/jvm/java-7-openjdk-amd64/jre/lib/amd64/jli/libjli.so
7f46b6bee000-7f46b6bef000 rw-p 0000d000 08:01 320770                     /usr/lib/jvm/java-7-openjdk-amd64/jre/lib/amd64/jli/libjli.so
7f46b6bef000-7f46b6c13000 r-xp 00000000 08:01 138469                     /lib/x86_64-linux-gnu/ld-2.21.so
7f46b6c13000-7f46b6c14000 r--s 00007000 08:01 64738                      /home/christina/.m2/repository/commons-logging/commons-logging/1.0.3/commons-logging-1.0.3.jar
7f46b6c14000-7f46b6c1a000 r--s 00046000 08:01 64730                      /home/christina/.m2/repository/jfree/jcommon/1.0.12/jcommon-1.0.12.jar
7f46b6c1a000-7f46b6c1c000 r--s 0000a000 08:01 64727                      /home/christina/.m2/repository/org/uncommons/maths/uncommons-maths/1.2.2/uncommons-maths-1.2.2.jar
7f46b6c1c000-7f46b6c23000 r--s 00040000 08:01 64725                      /home/christina/.m2/repository/org/apache/mahout/mahout-math/0.6/mahout-math-0.6.jar
7f46b6c23000-7f46b6c29000 r--s 00034000 08:01 64717                      /home/christina/.m2/repository/junit/junit/4.8.1/junit-4.8.1.jar
7f46b6c29000-7f46b6c2b000 r--s 00005000 08:01 64715                      /home/christina/.m2/repository/org/slf4j/slf4j-api/1.6.0/slf4j-api-1.6.0.jar
7f46b6c2b000-7f46b6c2c000 r--s 00001000 08:01 64713                      /home/christina/.m2/repository/org/slf4j/slf4j-simple/1.6.0/slf4j-simple-1.6.0.jar
7f46b6c2c000-7f46b6c2e000 r--s 00012000 08:01 320724                     /usr/lib/jvm/java-7-openjdk-amd64/jre/lib/ext/zipfs.jar
7f46b6c2e000-7f46b6c31000 r--s 0000f000 08:01 320726                     /usr/lib/jvm/java-7-openjdk-amd64/jre/lib/ext/icedtea-sound.jar
7f46b6c31000-7f46b6c3b000 rw-p 00000000 00:00 0 
7f46b6c3b000-7f46b6cf1000 rw-p 00000000 00:00 0 
7f46b6cf1000-7f46b6cf4000 ---p 00000000 00:00 0 
7f46b6cf4000-7f46b6df7000 rw-p 00000000 00:00 0                          [stack:5010]
7f46b6df7000-7f46b6df8000 r--s 00002000 08:01 320729                     /usr/lib/jvm/java-7-openjdk-amd64/jre/lib/ext/dnsns.jar
7f46b6df8000-7f46b6dfc000 r--s 00034000 08:01 320727                     /usr/lib/jvm/java-7-openjdk-amd64/jre/lib/ext/sunjce_provider.jar
7f46b6dfc000-7f46b6e00000 r--s 0003c000 08:01 320728                     /usr/lib/jvm/java-7-openjdk-amd64/jre/lib/ext/sunpkcs11.jar
7f46b6e00000-7f46b6e04000 r--s 00085000 08:01 320725                     /usr/lib/jvm/java-7-openjdk-amd64/jre/lib/ext/localedata.jar
7f46b6e04000-7f46b6e06000 r--s 00007000 08:01 320883                     /usr/share/java/java-atk-wrapper.jar
7f46b6e06000-7f46b6e0e000 rw-s 00000000 08:01 65168                      /tmp/hsperfdata_christina/5008
7f46b6e0e000-7f46b6e0f000 rw-p 00000000 00:00 0 
7f46b6e0f000-7f46b6e10000 ---p 00000000 00:00 0 
7f46b6e10000-7f46b6e12000 rw-p 00000000 00:00 0 
7f46b6e12000-7f46b6e13000 r--p 00023000 08:01 138469                     /lib/x86_64-linux-gnu/ld-2.21.so
7f46b6e13000-7f46b6e14000 rw-p 00024000 08:01 138469                     /lib/x86_64-linux-gnu/ld-2.21.so
7f46b6e14000-7f46b6e15000 rw-p 00000000 00:00 0 
7fff0e210000-7fff0e232000 rw-p 00000000 00:00 0                          [stack]
7fff0e382000-7fff0e384000 r--p 00000000 00:00 0                          [vvar]
7fff0e384000-7fff0e386000 r-xp 00000000 00:00 0                          [vdso]
ffffffffff600000-ffffffffff601000 r-xp 00000000 00:00 0                  [vsyscall]

VM Arguments:
jvm_args: -Dfile.encoding=UTF-8 
java_command: org.eclipse.jdt.internal.junit.runner.RemoteTestRunner -version 3 -port 45208 -testLoaderClass org.eclipse.jdt.internal.junit4.runner.JUnit4TestLoader -loaderpluginname org.eclipse.jdt.junit4.runtime -classNames de.tuberlin.dima.aim3.assignment1.FilteringWordCountTest
Launcher Type: SUN_STANDARD

Environment Variables:
PATH=/usr/local/sbin:/usr/local/bin:/usr/sbin:/usr/bin:/sbin:/bin:/usr/games:/usr/local/games
SHELL=/bin/bash
DISPLAY=:0.0

Signal Handlers:
SIGSEGV: [libjvm.so+0x995770], sa_mask[0]=0x7ffbfeff, sa_flags=0x10000004
SIGBUS: [libjvm.so+0x995770], sa_mask[0]=0x7ffbfeff, sa_flags=0x10000004
SIGFPE: [libjvm.so+0x7fca20], sa_mask[0]=0x7ffbfeff, sa_flags=0x10000004
SIGPIPE: [libjvm.so+0x7fca20], sa_mask[0]=0x7ffbfeff, sa_flags=0x10000004
SIGXFSZ: [libjvm.so+0x7fca20], sa_mask[0]=0x7ffbfeff, sa_flags=0x10000004
SIGILL: [libjvm.so+0x7fca20], sa_mask[0]=0x7ffbfeff, sa_flags=0x10000004
SIGUSR1: SIG_DFL, sa_mask[0]=0x00000000, sa_flags=0x00000000
SIGUSR2: [libjvm.so+0x7fc8a0], sa_mask[0]=0x00000004, sa_flags=0x10000004
SIGHUP: [libjvm.so+0x7fca30], sa_mask[0]=0x7ffbfeff, sa_flags=0x10000004
SIGINT: [libjvm.so+0x7fca30], sa_mask[0]=0x7ffbfeff, sa_flags=0x10000004
SIGTERM: [libjvm.so+0x7fca30], sa_mask[0]=0x7ffbfeff, sa_flags=0x10000004
SIGQUIT: [libjvm.so+0x7fca30], sa_mask[0]=0x7ffbfeff, sa_flags=0x10000004
SIGTRAP: SIG_DFL, sa_mask[0]=0x00000000, sa_flags=0x00000000


---------------  S Y S T E M  ---------------

OS:Ubuntu 15.10 (wily)
uname:Linux 4.2.0-16-generic #19-Ubuntu SMP Thu Oct 8 15:35:06 UTC 2015 x86_64
libc:glibc 2.21 NPTL 2.21 
rlimit: STACK 8192k, CORE 0k, NPROC 2827, NOFILE 65536, AS infinity
load average:1,07 0,72 0,66

/proc/meminfo:
MemTotal:         758656 kB
MemFree:            8432 kB
MemAvailable:      33072 kB
Buffers:             424 kB
Cached:            18736 kB
SwapCached:         3536 kB
Active:           327556 kB
Inactive:         330608 kB
Active(anon):     318208 kB
Inactive(anon):   321112 kB
Active(file):       9348 kB
Inactive(file):     9496 kB
Unevictable:           0 kB
Mlocked:               0 kB
SwapTotal:        784380 kB
SwapFree:             48 kB
Dirty:               148 kB
Writeback:             0 kB
AnonPages:        635564 kB
Mapped:            15532 kB
Shmem:               224 kB
Slab:              39652 kB
SReclaimable:      18348 kB
SUnreclaim:        21304 kB
KernelStack:        7360 kB
PageTables:        32204 kB
NFS_Unstable:          0 kB
Bounce:                0 kB
WritebackTmp:          0 kB
CommitLimit:     1163708 kB
Committed_AS:    4521640 kB
VmallocTotal:   34359738367 kB
VmallocUsed:       21732 kB
VmallocChunk:   34359709688 kB
HardwareCorrupted:     0 kB
AnonHugePages:     92160 kB
CmaTotal:              0 kB
CmaFree:               0 kB
HugePages_Total:       0
HugePages_Free:        0
HugePages_Rsvd:        0
HugePages_Surp:        0
Hugepagesize:       2048 kB
DirectMap4k:       71616 kB
DirectMap2M:      714752 kB


CPU:total 1 (1 cores per cpu, 1 threads per core) family 6 model 69 stepping 1, cmov, cx8, fxsr, mmx, sse, sse2, sse3, ssse3, sse4.1, sse4.2, popcnt, avx, aes, tsc, tscinvbit

/proc/cpuinfo:
processor	: 0
vendor_id	: GenuineIntel
cpu family	: 6
model		: 69
model name	: Intel(R) Core(TM) i5-4278U CPU @ 2.60GHz
stepping	: 1
cpu MHz		: 2600.000
cache size	: 3072 KB
physical id	: 0
siblings	: 1
core id		: 0
cpu cores	: 1
apicid		: 0
initial apicid	: 0
fpu		: yes
fpu_exception	: yes
cpuid level	: 13
wp		: yes
flags		: fpu vme de pse tsc msr pae mce cx8 apic sep mtrr pge mca cmov pat pse36 clflush mmx fxsr sse sse2 syscall nx rdtscp lm constant_tsc rep_good nopl xtopology nonstop_tsc pni pclmulqdq monitor ssse3 cx16 sse4_1 sse4_2 movbe popcnt aes xsave avx rdrand hypervisor lahf_lm abm
bugs		:
bogomips	: 5200.00
clflush size	: 64
cache_alignment	: 64
address sizes	: 39 bits physical, 48 bits virtual
power management:



Memory: 4k page, physical 758656k(8432k free), swap 784380k(48k free)

vm_info: OpenJDK 64-Bit Server VM (24.85-b03) for linux-amd64 JRE (1.7.0_85-b01), built on Oct 22 2015 09:06:48 by "buildd" with gcc 5.2.1 20151010

time: Sat Nov 21 12:51:11 2015
elapsed time: 7 seconds

